<?xml version="1.0" encoding="UTF-8"?>
<!-- Generated by org.testng.reporters.JUnitXMLReporter -->
<testsuite ignored="0" hostname="LAPTOP-1VFBJ3PQ" failures="4" tests="4" name="Test" time="32.896" errors="0" timestamp="2024-09-07T19:13:09 IST">
  <testcase classname="io.cucumber.testng.AbstractTestNGCucumberTests" name="runScenario" time="8.544">
    <failure type="java.lang.AssertionError" message="expected [Dashboard / nopCommerce administration] but found [Just a moment...]">
      <![CDATA[java.lang.AssertionError: expected [Dashboard / nopCommerce administration] but found [Just a moment...]
at com.stepDef.LoginStep.page_title_should_be(LoginStep.java:41)
at ✽.Page title should be "Dashboard / nopCommerce administration"(file:///C:/Users/HP/git/TestNGWithBDDCucumberFramework/src/test/resources/features/Customers.feature:9)
... Removed 6 stack frames]]>
    </failure>
  </testcase> <!-- runScenario -->
  <testcase classname="io.cucumber.testng.AbstractTestNGCucumberTests" name="runScenario" time="5.54">
    <failure type="java.lang.AssertionError" message="expected [Dashboard / nopCommerce administration] but found [Just a moment...]">
      <![CDATA[java.lang.AssertionError: expected [Dashboard / nopCommerce administration] but found [Just a moment...]
at com.stepDef.LoginStep.page_title_should_be(LoginStep.java:41)
at ✽.Page title should be "Dashboard / nopCommerce administration"(file:///C:/Users/HP/git/TestNGWithBDDCucumberFramework/src/test/resources/features/Login.feature:14)
... Removed 6 stack frames]]>
    </failure>
  </testcase> <!-- runScenario -->
  <testcase classname="io.cucumber.testng.AbstractTestNGCucumberTests" name="runScenario" time="4.881">
    <failure type="java.lang.AssertionError" message="expected [Dashboard / nopCommerce administration] but found [Just a moment...]">
      <![CDATA[java.lang.AssertionError: expected [Dashboard / nopCommerce administration] but found [Just a moment...]
at com.stepDef.LoginStep.page_title_should_be(LoginStep.java:41)
at ✽.Page title should be "Dashboard / nopCommerce administration"(file:///C:/Users/HP/git/TestNGWithBDDCucumberFramework/src/test/resources/features/Login.feature:28)
... Removed 6 stack frames]]>
    </failure>
  </testcase> <!-- runScenario -->
  <testcase classname="io.cucumber.testng.AbstractTestNGCucumberTests" name="runScenario" time="5.778">
    <failure type="java.lang.AssertionError" message="expected [Dashboard / nopCommerce administration] but found [Just a moment...]">
      <![CDATA[java.lang.AssertionError: expected [Dashboard / nopCommerce administration] but found [Just a moment...]
at com.stepDef.LoginStep.page_title_should_be(LoginStep.java:41)
at ✽.Page title should be "Dashboard / nopCommerce administration"(file:///C:/Users/HP/git/TestNGWithBDDCucumberFramework/src/test/resources/features/Login.feature:28)
... Removed 6 stack frames]]>
    </failure>
  </testcase> <!-- runScenario -->
</testsuite> <!-- Test -->
